2014-03-20 21:32:07	2	0	reboot	3.0.13-0.27-default	~	~~	1395365527	124986	0	Mar 20 21:32:07 2014
2014-03-20 21:32:07	5	337		3.0.13-0.27-default		si	1395365527	125180	0	Mar 20 21:32:07 2014
2014-03-20 21:38:51	8	337		3.0.13-0.27-default		si	1395365931	27596	0	Mar 20 21:38:51 2014
2014-03-20 21:38:51	1	20021	runlevel	3.0.13-0.27-default	~	~~	1395365931	27702	0	Mar 20 21:38:51 2014
2014-03-20 21:38:51	5	10661		3.0.13-0.27-default		l5	1395365931	27803	0	Mar 20 21:38:51 2014
2014-03-20 21:38:55	8	10661		3.0.13-0.27-default		l5	1395365935	395874	0	Mar 20 21:38:55 2014
2014-03-20 21:38:55	5	11905		3.0.13-0.27-default		1	1395365935	396070	0	Mar 20 21:38:55 2014
2014-03-20 21:38:55	5	11906		3.0.13-0.27-default		2	1395365935	396174	0	Mar 20 21:38:55 2014
2014-03-20 21:38:55	5	11907		3.0.13-0.27-default		3	1395365935	396268	0	Mar 20 21:38:55 2014
2014-03-20 21:38:55	5	11908		3.0.13-0.27-default		4	1395365935	396365	0	Mar 20 21:38:55 2014
2014-03-20 21:38:55	5	11909		3.0.13-0.27-default		5	1395365935	396458	0	Mar 20 21:38:55 2014
2014-03-20 21:38:55	5	11910		3.0.13-0.27-default		6	1395365935	396569	0	Mar 20 21:38:55 2014
2014-03-20 21:38:55	6	11910	LOGIN		tty6	6	1395365935	396540	11910	Mar 20 21:38:55 2014
2014-03-20 21:38:55	6	11908	LOGIN		tty4	4	1395365935	396337	11908	Mar 20 21:38:55 2014
2014-03-20 21:38:55	6	11907	LOGIN		tty3	3	1395365935	396241	11907	Mar 20 21:38:55 2014
2014-03-20 21:38:55	6	11909	LOGIN		tty5	5	1395365935	396430	11909	Mar 20 21:38:55 2014
2014-03-20 21:38:55	6	11906	LOGIN		tty2	2	1395365935	396146	11906	Mar 20 21:38:55 2014
2014-03-20 21:38:55	6	11905	LOGIN		tty1	1	1395365935	396012	11905	Mar 20 21:38:55 2014
2014-03-20 21:39:09	7	12137	root	:0	tty7	:0	1395365949	334168	0	Mar 20 21:39:09 2014
2014-03-20 21:39:09	7	11799	root		:0	:0	1395365949	0	0	Mar 20 21:39:09 2014
2014-03-20 21:39:09	7	12137	root	console	:0	:0	1395365949	0	0	Mar 20 21:39:09 2014
2014-03-20 21:39:19	7	12379	root	:0.0	pts/0	/0	1395365959	736234	0	Mar 20 21:39:19 2014
2014-03-20 21:40:59	1	13616	runlevel	3.0.13-0.27-default	~	~~	1395366059	857582	0	Mar 20 21:40:59 2014
2014-03-20 21:41:00	8	11905		3.0.13-0.27-default	tty1	1	1395366060	860036	0	Mar 20 21:41:00 2014
2014-03-20 21:41:00	8	11906		3.0.13-0.27-default	tty2	2	1395366060	860064	0	Mar 20 21:41:00 2014
2014-03-20 21:41:00	8	11907		3.0.13-0.27-default	tty3	3	1395366060	860089	0	Mar 20 21:41:00 2014
2014-03-20 21:41:00	8	11908		3.0.13-0.27-default	tty4	4	1395366060	860113	0	Mar 20 21:41:00 2014
2014-03-20 21:41:00	8	11909		3.0.13-0.27-default	tty5	5	1395366060	860137	0	Mar 20 21:41:00 2014
2014-03-20 21:41:00	8	11910		3.0.13-0.27-default	tty6	6	1395366060	860162	0	Mar 20 21:41:00 2014
2014-03-20 21:41:00	8	0		3.0.13-0.27-default	tty1	1	1395366060	860194	0	Mar 20 21:41:00 2014
2014-03-20 21:41:00	8	0		3.0.13-0.27-default	tty2	2	1395366060	860217	0	Mar 20 21:41:00 2014
2014-03-20 21:41:00	8	0		3.0.13-0.27-default	tty3	3	1395366060	860241	0	Mar 20 21:41:00 2014
2014-03-20 21:41:00	8	0		3.0.13-0.27-default	tty4	4	1395366060	860265	0	Mar 20 21:41:00 2014
2014-03-20 21:41:00	8	0		3.0.13-0.27-default	tty5	5	1395366060	860311	0	Mar 20 21:41:00 2014
2014-03-20 21:41:00	8	0		3.0.13-0.27-default	tty6	6	1395366060	860335	0	Mar 20 21:41:00 2014
2014-03-20 21:41:00	5	12412		3.0.13-0.27-default		l0	1395366060	860467	0	Mar 20 21:41:00 2014
2014-03-20 21:41:03	8	12137		:0	tty7	:0	1395366063	573078	0	Mar 20 21:41:03 2014
2014-03-20 21:41:03	8	0	root		pts/0	/0	1395366063	610169	0	Mar 20 21:41:03 2014
2014-03-20 21:41:06	1	0	shutdown	3.0.13-0.27-default	~~	~~	1395366066	441182	0	Mar 20 21:41:06 2014
2017-02-23 08:53:23	2	0	reboot	3.0.13-0.27-default	~	~~	1487858003	321527	0	Feb 23 08:53:23 2017
2017-02-23 08:53:23	5	333		3.0.13-0.27-default		si	1487858003	331263	0	Feb 23 08:53:23 2017
2017-02-23 08:53:40	8	333		3.0.13-0.27-default		si	1487858020	176561	0	Feb 23 08:53:40 2017
2017-02-23 08:53:40	1	20021	runlevel	3.0.13-0.27-default	~	~~	1487858020	177317	0	Feb 23 08:53:40 2017
2017-02-23 08:53:40	5	1228		3.0.13-0.27-default		l5	1487858020	177896	0	Feb 23 08:53:40 2017
2017-02-23 08:53:53	8	1228		3.0.13-0.27-default		l5	1487858033	837897	0	Feb 23 08:53:53 2017
2017-02-23 08:53:53	5	2666		3.0.13-0.27-default		1	1487858033	838377	0	Feb 23 08:53:53 2017
2017-02-23 08:53:53	5	2667		3.0.13-0.27-default		2	1487858033	838920	0	Feb 23 08:53:53 2017
2017-02-23 08:53:53	5	2668		3.0.13-0.27-default		3	1487858033	839381	0	Feb 23 08:53:53 2017
2017-02-23 08:53:53	5	2669		3.0.13-0.27-default		4	1487858033	840030	0	Feb 23 08:53:53 2017
2017-02-23 08:53:53	5	2670		3.0.13-0.27-default		5	1487858033	840496	0	Feb 23 08:53:53 2017
2017-02-23 08:53:53	5	2671		3.0.13-0.27-default		6	1487858033	841229	0	Feb 23 08:53:53 2017
2017-02-23 08:53:53	6	2668	LOGIN		tty3	3	1487858033	839131	2668	Feb 23 08:53:53 2017
2017-02-23 08:53:53	6	2671	LOGIN		tty6	6	1487858033	840978	2671	Feb 23 08:53:53 2017
2017-02-23 08:53:53	6	2670	LOGIN		tty5	5	1487858033	840246	2670	Feb 23 08:53:53 2017
2017-02-23 08:53:53	6	2669	LOGIN		tty4	4	1487858033	839686	2669	Feb 23 08:53:53 2017
2017-02-23 08:53:53	6	2666	LOGIN		tty1	1	1487858033	838126	2666	Feb 23 08:53:53 2017
2017-02-23 08:53:53	6	2667	LOGIN		tty2	2	1487858033	838668	2667	Feb 23 08:53:53 2017
2017-02-23 08:55:51	7	2899	root	:0	tty7	:0	1487858151	514897	0	Feb 23 08:55:51 2017
2017-02-23 08:55:51	7	2566	root		:0	:0	1487858151	0	0	Feb 23 08:55:51 2017
2017-02-23 08:55:51	7	2899	root	console	:0	:0	1487858151	0	0	Feb 23 08:55:51 2017
2017-02-23 08:56:03	7	3125	root	:0.0	pts/0	/0	1487858163	6415	0	Feb 23 08:56:03 2017
2017-02-23 08:58:55	7	5626	root	192.168.0.106	pts/1	/1	1487858335	96595	0	Feb 23 08:58:55 2017
2017-02-23 09:02:56	7	23691	root	192.168.0.103	pts/2	/2	1487858576	725671	0	Feb 23 09:02:56 2017
2017-02-23 09:18:54	7	23831	root	192.168.0.103	pts/3	/3	1487859534	785154	0	Feb 23 09:18:54 2017
2017-02-23 10:35:41	8	5623			pts/1		1487864141	274178	0	Feb 23 10:35:41 2017
2017-02-24 05:01:55	2	0	reboot	3.0.13-0.27-default	~	~~	1487930515	38082	0	Feb 24 05:01:55 2017
2017-02-24 05:01:55	5	339		3.0.13-0.27-default		si	1487930515	47039	0	Feb 24 05:01:55 2017
2017-02-24 05:02:08	8	339		3.0.13-0.27-default		si	1487930528	684075	0	Feb 24 05:02:08 2017
2017-02-24 05:02:08	1	20021	runlevel	3.0.13-0.27-default	~	~~	1487930528	684549	0	Feb 24 05:02:08 2017
2017-02-24 05:02:08	5	1218		3.0.13-0.27-default		l5	1487930528	685230	0	Feb 24 05:02:08 2017
2017-02-24 05:02:22	8	1218		3.0.13-0.27-default		l5	1487930542	859816	0	Feb 24 05:02:22 2017
2017-02-24 05:02:22	5	3324		3.0.13-0.27-default		1	1487930542	860737	0	Feb 24 05:02:22 2017
2017-02-24 05:02:22	5	3325		3.0.13-0.27-default		2	1487930542	861280	0	Feb 24 05:02:22 2017
2017-02-24 05:02:22	5	3326		3.0.13-0.27-default		3	1487930542	861778	0	Feb 24 05:02:22 2017
2017-02-24 05:02:22	5	3327		3.0.13-0.27-default		4	1487930542	862313	0	Feb 24 05:02:22 2017
2017-02-24 05:02:22	5	3328		3.0.13-0.27-default		5	1487930542	862870	0	Feb 24 05:02:22 2017
2017-02-24 05:02:22	5	3329		3.0.13-0.27-default		6	1487930542	865359	0	Feb 24 05:02:22 2017
2017-02-24 05:02:23	6	3327	LOGIN		tty4	4	1487930543	862011	3327	Feb 24 05:02:23 2017
2017-02-24 05:02:23	6	3326	LOGIN		tty3	3	1487930543	861515	3326	Feb 24 05:02:23 2017
2017-02-24 05:02:23	6	3328	LOGIN		tty5	5	1487930543	862603	3328	Feb 24 05:02:23 2017
2017-02-24 05:02:23	6	3325	LOGIN		tty2	2	1487930543	860982	3325	Feb 24 05:02:23 2017
2017-02-24 05:02:23	6	3324	LOGIN		tty1	1	1487930543	860423	3324	Feb 24 05:02:23 2017
2017-02-24 05:02:23	6	3329	LOGIN		tty6	6	1487930543	863174	3329	Feb 24 05:02:23 2017
2017-02-24 05:02:52	7	3575	root	:0	tty7	:0	1487930572	617434	0	Feb 24 05:02:52 2017
2017-02-24 05:02:52	7	3310	root		:0	:0	1487930572	0	0	Feb 24 05:02:52 2017
2017-02-24 05:02:52	7	3575	root	console	:0	:0	1487930572	0	0	Feb 24 05:02:52 2017
2017-02-24 05:03:05	7	3779	root	:0.0	pts/0	/0	1487930585	529220	0	Feb 24 05:03:05 2017
2017-02-24 05:03:22	7	3803	root	192.168.0.106	pts/1	/1	1487930602	96774	0	Feb 24 05:03:22 2017
2017-02-24 08:45:40	8	3800			pts/1		1487943940	530293	0	Feb 24 08:45:40 2017
2017-02-24 08:45:48	7	5376	root	192.168.0.106	pts/2	/2	1487943948	710030	0	Feb 24 08:45:48 2017
2017-02-24 09:07:10	1	13616	runlevel	3.0.13-0.27-default	~	~~	1487945230	180251	0	Feb 24 09:07:10 2017
2017-02-24 09:07:10	8	3324		3.0.13-0.27-default	tty1	1	1487945230	183603	0	Feb 24 09:07:10 2017
2017-02-24 09:07:10	8	3325		3.0.13-0.27-default	tty2	2	1487945230	184401	0	Feb 24 09:07:10 2017
2017-02-24 09:07:10	8	3326		3.0.13-0.27-default	tty3	3	1487945230	185580	0	Feb 24 09:07:10 2017
2017-02-24 09:07:10	8	3327		3.0.13-0.27-default	tty4	4	1487945230	186357	0	Feb 24 09:07:10 2017
2017-02-24 09:07:10	8	3328		3.0.13-0.27-default	tty5	5	1487945230	198062	0	Feb 24 09:07:10 2017
2017-02-24 09:07:10	8	3329		3.0.13-0.27-default	tty6	6	1487945230	198911	0	Feb 24 09:07:10 2017
2017-02-24 09:07:10	8	0		3.0.13-0.27-default	tty1	1	1487945230	199776	0	Feb 24 09:07:10 2017
2017-02-24 09:07:10	8	0		3.0.13-0.27-default	tty2	2	1487945230	201028	0	Feb 24 09:07:10 2017
2017-02-24 09:07:10	8	0		3.0.13-0.27-default	tty3	3	1487945230	202004	0	Feb 24 09:07:10 2017
2017-02-24 09:07:10	8	0		3.0.13-0.27-default	tty4	4	1487945230	202815	0	Feb 24 09:07:10 2017
2017-02-24 09:07:10	8	0		3.0.13-0.27-default	tty5	5	1487945230	203804	0	Feb 24 09:07:10 2017
2017-02-24 09:07:10	8	0		3.0.13-0.27-default	tty6	6	1487945230	205074	0	Feb 24 09:07:10 2017
2017-02-24 09:07:10	5	5823		3.0.13-0.27-default		l0	1487945230	206525	0	Feb 24 09:07:10 2017
2017-02-24 09:07:16	8	3575		:0	tty7	:0	1487945236	14157	0	Feb 24 09:07:16 2017
2017-02-24 09:07:16	8	0	root		pts/0	/0	1487945236	886763	0	Feb 24 09:07:16 2017
2017-02-24 09:07:21	1	0	shutdown	3.0.13-0.27-default	~~	~~	1487945241	366647	0	Feb 24 09:07:21 2017
2017-02-24 09:07:23	8	5373			pts/2		1487945243	266500	0	Feb 24 09:07:23 2017
2017-03-02 04:28:13	2	0	reboot	3.0.13-0.27-default	~	~~	1488446893	629377	0	Mar  2 04:28:13 2017
2017-03-02 04:28:13	5	335		3.0.13-0.27-default		si	1488446893	646203	0	Mar  2 04:28:13 2017
2017-03-02 04:28:26	8	335		3.0.13-0.27-default		si	1488446906	478148	0	Mar  2 04:28:26 2017
2017-03-02 04:28:26	1	20021	runlevel	3.0.13-0.27-default	~	~~	1488446906	478624	0	Mar  2 04:28:26 2017
2017-03-02 04:28:26	5	1209		3.0.13-0.27-default		l5	1488446906	479352	0	Mar  2 04:28:26 2017
2017-03-02 04:28:44	8	1209		3.0.13-0.27-default		l5	1488446924	20963	0	Mar  2 04:28:44 2017
2017-03-02 04:28:44	5	3465		3.0.13-0.27-default		1	1488446924	21583	0	Mar  2 04:28:44 2017
2017-03-02 04:28:44	5	3466		3.0.13-0.27-default		2	1488446924	22096	0	Mar  2 04:28:44 2017
2017-03-02 04:28:44	5	3467		3.0.13-0.27-default		3	1488446924	22739	0	Mar  2 04:28:44 2017
2017-03-02 04:28:44	5	3468		3.0.13-0.27-default		4	1488446924	23354	0	Mar  2 04:28:44 2017
2017-03-02 04:28:44	5	3469		3.0.13-0.27-default		5	1488446924	24082	0	Mar  2 04:28:44 2017
2017-03-02 04:28:44	5	3470		3.0.13-0.27-default		6	1488446924	39279	0	Mar  2 04:28:44 2017
2017-03-02 04:28:44	6	3469	LOGIN		tty5	5	1488446924	23737	3469	Mar  2 04:28:44 2017
2017-03-02 04:28:44	6	3468	LOGIN		tty4	4	1488446924	23021	3468	Mar  2 04:28:44 2017
2017-03-02 04:28:44	6	3470	LOGIN		tty6	6	1488446924	39010	3470	Mar  2 04:28:44 2017
2017-03-02 04:28:44	6	3467	LOGIN		tty3	3	1488446924	22334	3467	Mar  2 04:28:44 2017
2017-03-02 04:28:44	6	3466	LOGIN		tty2	2	1488446924	21825	3466	Mar  2 04:28:44 2017
2017-03-02 04:28:44	6	3465	LOGIN		tty1	1	1488446924	21222	3465	Mar  2 04:28:44 2017
2017-03-02 04:29:36	7	3716	root	:0	tty7	:0	1488446976	923131	0	Mar  2 04:29:36 2017
2017-03-02 04:29:36	7	3452	root		:0	:0	1488446976	0	0	Mar  2 04:29:36 2017
2017-03-02 04:29:37	7	3716	root	console	:0	:0	1488446977	0	0	Mar  2 04:29:37 2017
2017-03-02 04:29:47	7	3921	root	:0.0	pts/0	/0	1488446987	501958	0	Mar  2 04:29:47 2017
2017-03-02 04:30:11	7	4059	root	192.168.0.106	pts/1	/1	1488447011	201770	0	Mar  2 04:30:11 2017
2017-03-02 04:44:33	8	4036			pts/1		1488447873	583960	0	Mar  2 04:44:33 2017
2017-03-02 04:44:40	7	4230	root	192.168.0.106	pts/1	/1	1488447880	469864	0	Mar  2 04:44:40 2017
2017-03-02 04:45:44	7	4289	root	192.168.0.106	pts/2	/2	1488447944	754269	0	Mar  2 04:45:44 2017
2017-03-02 04:50:29	8	4227			pts/1		1488448229	978971	0	Mar  2 04:50:29 2017
2017-03-02 04:50:34	7	4366	root	192.168.0.106	pts/1	/1	1488448234	392921	0	Mar  2 04:50:34 2017
2017-03-02 04:53:19	8	4286			pts/2		1488448399	192084	0	Mar  2 04:53:19 2017
2017-03-02 04:53:22	7	4419	root	192.168.0.106	pts/2	/2	1488448402	566251	0	Mar  2 04:53:22 2017
2017-03-02 06:52:45	8	4363			pts/1		1488455565	175642	0	Mar  2 06:52:45 2017
2017-03-02 06:53:14	7	5416	root	192.168.0.106	pts/1	/1	1488455594	751433	0	Mar  2 06:53:14 2017
2017-03-02 06:53:45	8	5413			pts/1		1488455625	109592	0	Mar  2 06:53:45 2017
2017-03-02 08:47:18	7	6254	root	192.168.0.106	pts/1	/1	1488462438	597954	0	Mar  2 08:47:18 2017
2017-03-02 08:52:04	8	4416			pts/2		1488462724	897840	0	Mar  2 08:52:04 2017
2017-03-02 11:39:30	8	6251			pts/1		1488472770	792497	0	Mar  2 11:39:30 2017
2017-03-02 11:44:28	7	7351	root	192.168.0.106	pts/1	/1	1488473068	161886	0	Mar  2 11:44:28 2017
2017-03-02 12:32:29	7	7980	root	192.168.0.106	pts/2	/2	1488475949	691926	0	Mar  2 12:32:29 2017
2017-03-02 12:39:53	8	7977			pts/2		1488476393	94353	0	Mar  2 12:39:53 2017
2017-03-02 12:40:25	7	8031	root	192.168.0.106	pts/2	/2	1488476425	640340	0	Mar  2 12:40:25 2017
2017-03-02 12:41:05	8	8028			pts/2		1488476465	453473	0	Mar  2 12:41:05 2017
2017-03-02 12:41:09	7	8069	root	192.168.0.106	pts/2	/2	1488476469	293067	0	Mar  2 12:41:09 2017
2017-03-02 13:48:23	8	7348			pts/1		1488480503	867172	0	Mar  2 13:48:23 2017
2017-03-02 14:53:05	8	8066			pts/2		1488484385	338762	0	Mar  2 14:53:05 2017
2017-03-02 19:13:35	7	10540	root	192.168.0.106	pts/1	/1	1488500015	63658	0	Mar  2 19:13:35 2017
2017-03-02 19:14:20	7	10595	root	192.168.0.106	pts/2	/2	1488500060	317076	0	Mar  2 19:14:20 2017
2017-03-02 19:15:11	8	10537			pts/1		1488500111	291214	0	Mar  2 19:15:11 2017
2017-03-02 19:15:47	7	10676	root	192.168.0.106	pts/1	/1	1488500147	299767	0	Mar  2 19:15:47 2017
2017-03-02 19:16:57	7	10793	root	192.168.0.106	pts/3	/3	1488500217	394050	0	Mar  2 19:16:57 2017
2017-03-02 19:17:59	8	10790			pts/3		1488500279	985789	0	Mar  2 19:17:59 2017
2017-03-02 19:18:21	7	10855	root	192.168.0.106	pts/3	/3	1488500301	897200	0	Mar  2 19:18:21 2017
2017-03-02 19:19:51	8	10852			pts/3		1488500391	807741	0	Mar  2 19:19:51 2017
2017-03-02 19:20:36	7	10921	root	192.168.0.106	pts/3	/3	1488500436	601256	0	Mar  2 19:20:36 2017
2017-03-02 19:20:41	8	10918			pts/3		1488500441	682003	0	Mar  2 19:20:41 2017
2017-03-02 19:28:38	7	11044	root	192.168.0.106	pts/3	/3	1488500918	174132	0	Mar  2 19:28:38 2017
2017-03-02 19:29:15	7	11088	root	192.168.0.106	pts/4	/4	1488500955	788305	0	Mar  2 19:29:15 2017
2017-03-02 19:29:29	8	11085			pts/4		1488500969	779485	0	Mar  2 19:29:29 2017
2017-03-02 19:29:35	8	11041			pts/3		1488500975	970843	0	Mar  2 19:29:35 2017
2017-03-02 19:34:11	7	11174	root	192.168.0.106	pts/3	/3	1488501251	825548	0	Mar  2 19:34:11 2017
2017-03-02 19:35:44	8	11171			pts/3		1488501344	461290	0	Mar  2 19:35:44 2017
2017-03-02 19:36:08	7	11227	root	192.168.0.106	pts/3	/3	1488501368	376461	0	Mar  2 19:36:08 2017
2017-03-02 19:36:14	8	11224			pts/3		1488501374	345800	0	Mar  2 19:36:14 2017
2017-03-03 05:42:11	7	15311	root	192.168.0.106	pts/3	/3	1488537731	877211	0	Mar  3 05:42:11 2017
2017-03-03 05:42:23	8	15308			pts/3		1488537743	468063	0	Mar  3 05:42:23 2017
2017-03-03 05:42:59	7	15376	root	192.168.0.106	pts/3	/3	1488537779	433302	0	Mar  3 05:42:59 2017
2017-03-03 05:45:20	8	15372			pts/3		1488537920	174818	0	Mar  3 05:45:20 2017
2017-03-03 05:45:24	8	10592			pts/2		1488537924	307128	0	Mar  3 05:45:24 2017
2017-03-03 05:52:18	7	15468	root	192.168.0.106	pts/2	/2	1488538338	985687	0	Mar  3 05:52:18 2017
2017-03-03 05:57:42	7	15607	root	192.168.0.106	pts/3	/3	1488538662	149105	0	Mar  3 05:57:42 2017
2017-03-03 06:19:33	7	15917	root	192.168.0.106	pts/4	/4	1488539973	105738	0	Mar  3 06:19:33 2017
2017-03-03 08:09:21	8	15604			pts/3		1488546561	594233	0	Mar  3 08:09:21 2017
2017-03-03 08:26:33	8	15465			pts/2		1488547593	786938	0	Mar  3 08:26:33 2017
2017-03-03 08:31:12	8	15914			pts/4		1488547872	313744	0	Mar  3 08:31:12 2017
2017-03-03 08:47:02	8	10673			pts/1		1488548822	586413	0	Mar  3 08:47:02 2017
2017-03-06 09:02:14	8	0	root		pts/0	/0	1488808934	369573	0	Mar  6 09:02:14 2017
2017-03-06 09:02:28	8	3716		:0	tty7	:0	1488808948	456071	0	Mar  6 09:02:28 2017
2017-03-06 09:02:28	8	0			:0	:0	1488808948	0	0	Mar  6 09:02:28 2017
2017-03-06 09:02:28	1	13616	runlevel	3.0.13-0.27-default	~	~~	1488808948	829728	0	Mar  6 09:02:28 2017
2017-03-06 09:02:28	8	3465		3.0.13-0.27-default	tty1	1	1488808948	836902	0	Mar  6 09:02:28 2017
2017-03-06 09:02:28	8	3466		3.0.13-0.27-default	tty2	2	1488808948	837509	0	Mar  6 09:02:28 2017
2017-03-06 09:02:28	8	3467		3.0.13-0.27-default	tty3	3	1488808948	838078	0	Mar  6 09:02:28 2017
2017-03-06 09:02:28	8	3468		3.0.13-0.27-default	tty4	4	1488808948	838801	0	Mar  6 09:02:28 2017
2017-03-06 09:02:28	8	3469		3.0.13-0.27-default	tty5	5	1488808948	839625	0	Mar  6 09:02:28 2017
2017-03-06 09:02:28	8	3470		3.0.13-0.27-default	tty6	6	1488808948	840151	0	Mar  6 09:02:28 2017
2017-03-06 09:02:28	8	0		3.0.13-0.27-default	tty1	1	1488808948	841367	0	Mar  6 09:02:28 2017
2017-03-06 09:02:28	8	0		3.0.13-0.27-default	tty2	2	1488808948	842033	0	Mar  6 09:02:28 2017
2017-03-06 09:02:28	8	0		3.0.13-0.27-default	tty3	3	1488808948	842629	0	Mar  6 09:02:28 2017
2017-03-06 09:02:28	8	0		3.0.13-0.27-default	tty4	4	1488808948	843150	0	Mar  6 09:02:28 2017
2017-03-06 09:02:28	8	0		3.0.13-0.27-default	tty5	5	1488808948	843740	0	Mar  6 09:02:28 2017
2017-03-06 09:02:28	8	0		3.0.13-0.27-default	tty6	6	1488808948	844262	0	Mar  6 09:02:28 2017
2017-03-06 09:02:28	5	45101		3.0.13-0.27-default		l0	1488808948	845427	0	Mar  6 09:02:28 2017
2017-03-06 09:02:43	1	0	shutdown	3.0.13-0.27-default	~~	~~	1488808963	480961	0	Mar  6 09:02:43 2017
2017-03-06 10:49:31	2	0	reboot	3.0.13-0.27-default	~	~~	1488815371	306595	0	Mar  6 10:49:31 2017
2017-03-06 10:49:31	5	340		3.0.13-0.27-default		si	1488815371	330764	0	Mar  6 10:49:31 2017
2017-03-06 10:49:45	8	340		3.0.13-0.27-default		si	1488815385	69686	0	Mar  6 10:49:45 2017
2017-03-06 10:49:45	1	20021	runlevel	3.0.13-0.27-default	~	~~	1488815385	70267	0	Mar  6 10:49:45 2017
2017-03-06 10:49:45	5	1217		3.0.13-0.27-default		l5	1488815385	70755	0	Mar  6 10:49:45 2017
2017-03-06 10:49:58	8	1217		3.0.13-0.27-default		l5	1488815398	739522	0	Mar  6 10:49:58 2017
2017-03-06 10:49:58	5	3329		3.0.13-0.27-default		1	1488815398	740312	0	Mar  6 10:49:58 2017
2017-03-06 10:49:58	5	3330		3.0.13-0.27-default		2	1488815398	740842	0	Mar  6 10:49:58 2017
2017-03-06 10:49:58	5	3331		3.0.13-0.27-default		3	1488815398	741437	0	Mar  6 10:49:58 2017
2017-03-06 10:49:58	5	3332		3.0.13-0.27-default		4	1488815398	741971	0	Mar  6 10:49:58 2017
2017-03-06 10:49:58	5	3333		3.0.13-0.27-default		5	1488815398	742541	0	Mar  6 10:49:58 2017
2017-03-06 10:49:58	5	3334		3.0.13-0.27-default		6	1488815398	743111	0	Mar  6 10:49:58 2017
2017-03-06 10:49:58	6	3329	LOGIN		tty1	1	1488815398	739778	3329	Mar  6 10:49:58 2017
2017-03-06 10:49:58	6	3333	LOGIN		tty5	5	1488815398	742257	3333	Mar  6 10:49:58 2017
2017-03-06 10:49:58	6	3334	LOGIN		tty6	6	1488815398	742788	3334	Mar  6 10:49:58 2017
2017-03-06 10:49:58	6	3331	LOGIN		tty3	3	1488815398	741151	3331	Mar  6 10:49:58 2017
2017-03-06 10:49:58	6	3330	LOGIN		tty2	2	1488815398	740546	3330	Mar  6 10:49:58 2017
2017-03-06 10:49:58	6	3332	LOGIN		tty4	4	1488815398	741684	3332	Mar  6 10:49:58 2017
2017-03-06 10:50:46	7	3582	root	:0	tty7	:0	1488815446	537237	0	Mar  6 10:50:46 2017
2017-03-06 10:50:46	7	3299	root		:0	:0	1488815446	0	0	Mar  6 10:50:46 2017
2017-03-06 10:50:46	7	3582	root	console	:0	:0	1488815446	0	0	Mar  6 10:50:46 2017
2017-03-06 12:03:08	7	3998	root	:0.0	pts/0	/0	1488819788	257065	0	Mar  6 12:03:08 2017
2017-03-06 12:03:29	8	0	root		pts/0	/0	1488819809	849412	0	Mar  6 12:03:29 2017
2017-03-06 12:03:32	7	4050	root	:0.0	pts/0	/0	1488819812	35274	0	Mar  6 12:03:32 2017
2017-03-06 12:36:58	8	4250			pts/1		1488821818	495886	0	Mar  6 12:36:58 2017
2017-03-06 12:37:20	7	4682	root	192.168.0.106	pts/1	/1	1488821840	542588	0	Mar  6 12:37:20 2017
2017-03-06 14:48:48	8	4679			pts/1		1488829728	106436	0	Mar  6 14:48:48 2017
2017-03-06 14:51:40	8	4300			pts/2		1488829900	138159	0	Mar  6 14:51:40 2017
2017-03-06 15:30:00	7	6070	root	192.168.0.106	pts/1	/1	1488832200	623377	0	Mar  6 15:30:00 2017
2017-03-06 15:31:30	8	6067			pts/1		1488832290	94106	0	Mar  6 15:31:30 2017
2017-03-06 15:32:25	7	6213	root	192.168.0.106	pts/1	/1	1488832345	531741	0	Mar  6 15:32:25 2017
2017-03-06 15:32:28	8	6210			pts/1		1488832348	388302	0	Mar  6 15:32:28 2017
2017-03-06 15:32:54	7	6257	root	192.168.0.106	pts/1	/1	1488832374	682270	0	Mar  6 15:32:54 2017
2017-03-06 17:46:41	8	6254			pts/1		1488840401	770000	0	Mar  6 17:46:41 2017
2017-03-07 05:32:56	7	11751	root	192.168.0.106	pts/1	/1	1488882776	34615	0	Mar  7 05:32:56 2017
2017-03-07 05:39:03	8	11748			pts/1		1488883143	489420	0	Mar  7 05:39:03 2017
2017-03-07 05:44:27	7	11838	root	192.168.0.106	pts/1	/1	1488883467	290252	0	Mar  7 05:44:27 2017
2017-03-07 05:46:08	7	11916	root	192.168.0.106	pts/2	/2	1488883568	903184	0	Mar  7 05:46:08 2017
2017-03-07 05:46:34	7	11961	root	192.168.0.106	pts/3	/3	1488883594	775683	0	Mar  7 05:46:34 2017
2017-03-07 05:47:10	8	11913			pts/2		1488883630	16192	0	Mar  7 05:47:10 2017
2017-03-07 05:47:55	7	12026	root	192.168.0.106	pts/2	/2	1488883675	786152	0	Mar  7 05:47:55 2017
2017-03-07 05:48:17	8	12023			pts/2		1488883697	859046	0	Mar  7 05:48:17 2017
2017-03-07 05:50:02	8	0	root		pts/0	/0	1488883802	429989	0	Mar  7 05:50:02 2017
2017-03-07 05:50:27	8	3582		:0	tty7	:0	1488883827	356632	0	Mar  7 05:50:27 2017
2017-03-07 05:50:27	8	0			:0	:0	1488883827	0	0	Mar  7 05:50:27 2017
2017-03-07 05:51:13	7	12223	root	:0	tty7	:0	1488883873	901206	0	Mar  7 05:51:13 2017
2017-03-07 05:51:13	7	12108	root		:0	:0	1488883873	0	0	Mar  7 05:51:13 2017
2017-03-07 05:51:13	7	12223	root	console	:0	:0	1488883873	0	0	Mar  7 05:51:13 2017
2017-03-07 05:56:53	8	12223		:0	tty7	:0	1488884213	853770	0	Mar  7 05:56:53 2017
2017-03-07 05:56:53	8	0			:0	:0	1488884213	0	0	Mar  7 05:56:53 2017
2017-03-07 05:58:06	7	12637	root	:0	tty7	:0	1488884286	575303	0	Mar  7 05:58:06 2017
2017-03-07 05:58:06	7	12520	root		:0	:0	1488884286	0	0	Mar  7 05:58:06 2017
2017-03-07 05:58:06	7	12637	root	console	:0	:0	1488884286	0	0	Mar  7 05:58:06 2017
2017-03-07 05:58:41	8	12637		:0	tty7	:0	1488884321	526056	0	Mar  7 05:58:41 2017
2017-03-07 05:58:41	8	0			:0	:0	1488884321	0	0	Mar  7 05:58:41 2017
2017-03-07 07:52:01	7	13988	root	:0	tty7	:0	1488891121	882588	0	Mar  7 07:52:01 2017
2017-03-07 07:52:01	7	12910	root		:0	:0	1488891121	0	0	Mar  7 07:52:01 2017
2017-03-07 07:52:01	7	13988	root	console	:0	:0	1488891121	0	0	Mar  7 07:52:01 2017
2017-03-07 07:52:05	8	11835			pts/1		1488891125	19282	0	Mar  7 07:52:05 2017
2017-03-07 07:52:09	7	14223	root	:0.0	pts/0	/0	1488891129	88030	0	Mar  7 07:52:09 2017
2017-03-07 07:52:26	7	14262	root	192.168.0.106	pts/1	/1	1488891146	891453	0	Mar  7 07:52:26 2017
2017-03-07 09:22:16	8	11958			pts/3		1488896536	426946	0	Mar  7 09:22:16 2017
2017-03-07 09:42:44	7	15477	root	192.168.0.106	pts/2	/2	1488897764	163132	0	Mar  7 09:42:44 2017
2017-03-07 09:44:31	7	15536	root	192.168.0.106	pts/3	/3	1488897871	988002	0	Mar  7 09:44:31 2017
2017-03-07 12:34:32	7	17060	root	192.168.0.106	pts/4	/4	1488908072	798761	0	Mar  7 12:34:32 2017
2017-03-07 13:52:05	8	17057			pts/4		1488912725	545623	0	Mar  7 13:52:05 2017
2017-03-07 13:53:58	8	15474			pts/2		1488912838	443242	0	Mar  7 13:53:58 2017
2017-03-07 13:54:05	8	15533			pts/3		1488912845	42266	0	Mar  7 13:54:05 2017
2017-03-07 14:56:31	8	14259			pts/1		1488916591	140021	0	Mar  7 14:56:31 2017
2017-03-07 14:56:45	7	18252	root	192.168.0.106	pts/1	/1	1488916605	404773	0	Mar  7 14:56:45 2017
2017-03-07 14:57:05	7	18314	root	192.168.0.106	pts/2	/2	1488916625	17534	0	Mar  7 14:57:05 2017
2017-03-07 14:57:27	8	18311			pts/2		1488916647	888343	0	Mar  7 14:57:27 2017
2017-03-07 14:58:04	7	18386	root	192.168.0.106	pts/2	/2	1488916684	321538	0	Mar  7 14:58:04 2017
2017-03-07 14:58:59	8	18383			pts/2		1488916739	979623	0	Mar  7 14:58:59 2017
2017-03-07 14:59:04	7	18438	root	192.168.0.106	pts/2	/2	1488916744	689427	0	Mar  7 14:59:04 2017
2017-03-07 14:59:58	8	18435			pts/2		1488916798	103576	0	Mar  7 14:59:58 2017
2017-03-07 15:00:02	7	18530	root	192.168.0.106	pts/2	/2	1488916802	375247	0	Mar  7 15:00:02 2017
2017-03-07 16:23:34	8	18506			pts/2		1488921814	739835	0	Mar  7 16:23:34 2017
2017-03-07 16:23:54	7	18764	root	192.168.0.106	pts/2	/2	1488921834	652552	0	Mar  7 16:23:54 2017
2017-03-07 18:07:49	8	18249			pts/1		1488928069	310816	0	Mar  7 18:07:49 2017
2017-03-07 18:07:53	8	18761			pts/2		1488928073	144956	0	Mar  7 18:07:53 2017
2017-03-07 18:08:16	1	13616	runlevel	3.0.13-0.27-default	~	~~	1488928096	535690	0	Mar  7 18:08:16 2017
2017-03-07 18:08:16	8	3329		3.0.13-0.27-default	tty1	1	1488928096	539524	0	Mar  7 18:08:16 2017
2017-03-07 18:08:16	8	3330		3.0.13-0.27-default	tty2	2	1488928096	540248	0	Mar  7 18:08:16 2017
2017-03-07 18:08:16	8	3331		3.0.13-0.27-default	tty3	3	1488928096	541450	0	Mar  7 18:08:16 2017
2017-03-07 18:08:16	8	3332		3.0.13-0.27-default	tty4	4	1488928096	542087	0	Mar  7 18:08:16 2017
2017-03-07 18:08:16	8	3333		3.0.13-0.27-default	tty5	5	1488928096	542723	0	Mar  7 18:08:16 2017
2017-03-07 18:08:16	8	3334		3.0.13-0.27-default	tty6	6	1488928096	543292	0	Mar  7 18:08:16 2017
2017-03-07 18:08:16	8	0		3.0.13-0.27-default	tty1	1	1488928096	544036	0	Mar  7 18:08:16 2017
2017-03-07 18:08:16	8	0		3.0.13-0.27-default	tty2	2	1488928096	554327	0	Mar  7 18:08:16 2017
2017-03-07 18:08:16	8	0		3.0.13-0.27-default	tty3	3	1488928096	554924	0	Mar  7 18:08:16 2017
2017-03-07 18:08:16	8	0		3.0.13-0.27-default	tty4	4	1488928096	555480	0	Mar  7 18:08:16 2017
2017-03-07 18:08:16	8	0		3.0.13-0.27-default	tty5	5	1488928096	556075	0	Mar  7 18:08:16 2017
2017-03-07 18:08:16	8	0		3.0.13-0.27-default	tty6	6	1488928096	556970	0	Mar  7 18:08:16 2017
2017-03-07 18:08:16	5	19478		3.0.13-0.27-default		l0	1488928096	557679	0	Mar  7 18:08:16 2017
2017-03-07 18:08:22	8	13988		:0	tty7	:0	1488928102	777333	0	Mar  7 18:08:22 2017
2017-03-07 18:08:26	8	0	root		pts/0	/0	1488928106	89082	0	Mar  7 18:08:26 2017
2017-03-07 18:08:30	1	0	shutdown	3.0.13-0.27-default	~~	~~	1488928110	523130	0	Mar  7 18:08:30 2017
2017-03-08 03:46:50	2	0	reboot	3.0.13-0.27-default	~	~~	1488962810	920500	0	Mar  8 03:46:50 2017
2017-03-08 03:46:50	5	340		3.0.13-0.27-default		si	1488962810	944786	0	Mar  8 03:46:50 2017
2017-03-08 03:47:08	8	340		3.0.13-0.27-default		si	1488962828	624883	0	Mar  8 03:47:08 2017
2017-03-08 03:47:08	1	20021	runlevel	3.0.13-0.27-default	~	~~	1488962828	625457	0	Mar  8 03:47:08 2017
2017-03-08 03:47:08	5	1214		3.0.13-0.27-default		l5	1488962828	626482	0	Mar  8 03:47:08 2017
2017-03-08 03:47:31	8	1214		3.0.13-0.27-default		l5	1488962851	910500	0	Mar  8 03:47:31 2017
2017-03-08 03:47:31	5	3349		3.0.13-0.27-default		1	1488962851	911369	0	Mar  8 03:47:31 2017
2017-03-08 03:47:31	5	3350		3.0.13-0.27-default		2	1488962851	912676	0	Mar  8 03:47:31 2017
2017-03-08 03:47:31	5	3351		3.0.13-0.27-default		3	1488962851	913509	0	Mar  8 03:47:31 2017
2017-03-08 03:47:31	5	3352		3.0.13-0.27-default		4	1488962851	915110	0	Mar  8 03:47:31 2017
2017-03-08 03:47:31	5	3353		3.0.13-0.27-default		5	1488962851	916235	0	Mar  8 03:47:31 2017
2017-03-08 03:47:31	5	3354		3.0.13-0.27-default		6	1488962851	942217	0	Mar  8 03:47:31 2017
2017-03-08 03:47:32	6	3353	LOGIN		tty5	5	1488962852	915751	3353	Mar  8 03:47:32 2017
2017-03-08 03:47:32	6	3350	LOGIN		tty2	2	1488962852	911731	3350	Mar  8 03:47:32 2017
2017-03-08 03:47:32	6	3351	LOGIN		tty3	3	1488962852	913126	3351	Mar  8 03:47:32 2017
2017-03-08 03:47:32	6	3349	LOGIN		tty1	1	1488962852	910882	3349	Mar  8 03:47:32 2017
2017-03-08 03:47:32	6	3354	LOGIN		tty6	6	1488962852	916592	3354	Mar  8 03:47:32 2017
2017-03-08 03:47:32	6	3352	LOGIN		tty4	4	1488962852	914434	3352	Mar  8 03:47:32 2017
2017-03-08 03:48:16	7	3598	root	:0	tty7	:0	1488962896	563079	0	Mar  8 03:48:16 2017
2017-03-08 03:48:16	7	3336	root		:0	:0	1488962896	0	0	Mar  8 03:48:16 2017
2017-03-08 03:48:16	7	3598	root	console	:0	:0	1488962896	0	0	Mar  8 03:48:16 2017
2017-03-08 03:50:07	7	3859	root	:0.0	pts/0	/0	1488963007	579170	0	Mar  8 03:50:07 2017
