************ Start Display Current Environment ************
Log file started at: [17-2-17 17:20:02:130 CST]
************* End Display Current Environment *************
[17-2-19 6:14:20:019 CST] 00000092 SystemErr     R net.sf.hibernate.JDBCException: Could not execute query
	at net.sf.hibernate.impl.SessionImpl.find(SessionImpl.java:1515)
	at net.sf.hibernate.impl.QueryImpl.list(QueryImpl.java:39)
	at com.whir.ezoffice.remind.ejb.RemindEJBBean.getNewTask(RemindEJBBean.java:557)
	at com.whir.ezoffice.remind.ejb.RemindEJBBean.getRemindModule(RemindEJBBean.java:631)
	at sun.reflect.GeneratedMethodAccessor43.invoke(Unknown Source)
	at sun.reflect.DelegatingMethodAccessorImpl.invoke(DelegatingMethodAccessorImpl.java:37)
	at java.lang.reflect.Method.invoke(Method.java:611)
	at com.whir.common.util.EJBProxy.invoke(EJBProxy.java:166)
	at com.whir.ezoffice.remind.bd.RemindBD.getRemindModule(RemindBD.java:34)
	at com.ibm._jsp._topiframeNew._jspService(_topiframeNew.java:282)
	at com.ibm.ws.jsp.runtime.HttpJspBase.service(HttpJspBase.java:99)
	at javax.servlet.http.HttpServlet.service(HttpServlet.java:668)
	at com.ibm.ws.cache.servlet.ServletWrapper.serviceProxied(ServletWrapper.java:307)
	at com.ibm.ws.cache.servlet.CacheHook.handleFragment(CacheHook.java:562)
	at com.ibm.ws.cache.servlet.CacheHook.handleServlet(CacheHook.java:255)
	at com.ibm.ws.cache.servlet.ServletWrapper.service(ServletWrapper.java:259)
	at com.ibm.ws.webcontainer.servlet.ServletWrapper.service(ServletWrapper.java:1227)
	at com.ibm.ws.webcontainer.servlet.ServletWrapper.handleRequest(ServletWrapper.java:776)
	at com.ibm.ws.webcontainer.servlet.ServletWrapper.handleRequest(ServletWrapper.java:458)
	at com.ibm.ws.webcontainer.servlet.ServletWrapperImpl.handleRequest(ServletWrapperImpl.java:178)
	at com.ibm.wsspi.webcontainer.servlet.GenericServletWrapper.handleRequest(GenericServletWrapper.java:122)
	at com.ibm.ws.jsp.webcontainerext.AbstractJSPExtensionServletWrapper.handleRequest(AbstractJSPExtensionServletWrapper.java:216)
	at com.ibm.ws.webcontainer.filter.WebAppFilterChain.invokeTarget(WebAppFilterChain.java:136)
	at com.ibm.ws.webcontainer.filter.WebAppFilterChain.doFilter(WebAppFilterChain.java:97)
	at com.whir.common.util.SetCharacterEncodingFilter.doFilter(SetCharacterEncodingFilter.java:246)
	at com.ibm.ws.webcontainer.filter.FilterInstanceWrapper.doFilter(FilterInstanceWrapper.java:195)
	at com.ibm.ws.webcontainer.filter.WebAppFilterChain.doFilter(WebAppFilterChain.java:91)
	at com.ibm.ws.webcontainer.filter.WebAppFilterManager.doFilter(WebAppFilterManager.java:928)
	at com.ibm.ws.webcontainer.filter.WebAppFilterManager.invokeFilters(WebAppFilterManager.java:1025)
	at com.ibm.ws.webcontainer.servlet.CacheServletWrapper.handleRequest(CacheServletWrapper.java:87)
	at com.ibm.ws.webcontainer.WebContainer.handleRequest(WebContainer.java:909)
	at com.ibm.ws.webcontainer.WSWebContainer.handleRequest(WSWebContainer.java:1662)
	at com.ibm.ws.webcontainer.channel.WCChannelLink.ready(WCChannelLink.java:200)
	at com.ibm.ws.http.channel.inbound.impl.HttpInboundLink.handleDiscrimination(HttpInboundLink.java:459)
	at com.ibm.ws.http.channel.inbound.impl.HttpInboundLink.handleNewRequest(HttpInboundLink.java:526)
	at com.ibm.ws.http.channel.inbound.impl.HttpInboundLink.processRequest(HttpInboundLink.java:312)
	at com.ibm.ws.http.channel.inbound.impl.HttpICLReadCallback.complete(HttpICLReadCallback.java:88)
	at com.ibm.ws.tcp.channel.impl.AioReadCompletionListener.futureCompleted(AioReadCompletionListener.java:175)
	at com.ibm.io.async.AbstractAsyncFuture.invokeCallback(AbstractAsyncFuture.java:217)
	at com.ibm.io.async.AsyncChannelFuture.fireCompletionActions(AsyncChannelFuture.java:161)
	at com.ibm.io.async.AsyncFuture.completed(AsyncFuture.java:138)
	at com.ibm.io.async.ResultHandler.complete(ResultHandler.java:204)
	at com.ibm.io.async.ResultHandler.runEventProcessingLoop(ResultHandler.java:775)
	at com.ibm.io.async.ResultHandler$2.run(ResultHandler.java:905)
	at com.ibm.ws.util.ThreadPool$Worker.run(ThreadPool.java:1862)
Caused by: java.sql.SQLException: Io 异常: Connection reset
	at oracle.jdbc.driver.DatabaseError.throwSqlException(DatabaseError.java:113)
	at oracle.jdbc.driver.DatabaseError.throwSqlException(DatabaseError.java:147)
	at oracle.jdbc.driver.DatabaseError.throwSqlException(DatabaseError.java:257)
	at oracle.jdbc.driver.T4CPreparedStatement.executeForDescribe(T4CPreparedStatement.java:829)
	at oracle.jdbc.driver.OracleStatement.executeMaybeDescribe(OracleStatement.java:1051)
	at oracle.jdbc.driver.T4CPreparedStatement.executeMaybeDescribe(T4CPreparedStatement.java:854)
	at oracle.jdbc.driver.OracleStatement.doExecuteWithTimeout(OracleStatement.java:1156)
	at oracle.jdbc.driver.OraclePreparedStatement.executeInternal(OraclePreparedStatement.java:3445)
	at oracle.jdbc.driver.OraclePreparedStatement.executeQuery(OraclePreparedStatement.java:3490)
	at com.ibm.ws.rsadapter.jdbc.WSJdbcPreparedStatement.pmiExecuteQuery(WSJdbcPreparedStatement.java:1112)
	at com.ibm.ws.rsadapter.jdbc.WSJdbcPreparedStatement.executeQuery(WSJdbcPreparedStatement.java:714)
	at net.sf.hibernate.impl.BatcherImpl.getResultSet(BatcherImpl.java:87)
	at net.sf.hibernate.loader.Loader.getResultSet(Loader.java:795)
	at net.sf.hibernate.loader.Loader.doQuery(Loader.java:189)
	at net.sf.hibernate.loader.Loader.doQueryAndInitializeNonLazyCollections(Loader.java:133)
	at net.sf.hibernate.loader.Loader.doList(Loader.java:950)
	at net.sf.hibernate.loader.Loader.list(Loader.java:941)
	at net.sf.hibernate.hql.QueryTranslator.list(QueryTranslator.java:834)
	at net.sf.hibernate.impl.SessionImpl.find(SessionImpl.java:1512)
	... 44 more
[17-2-17 17:59:26:805 CST] 00000075 SystemErr     R 	at com.ibm.ws.cache.servlet.CacheHook.handleFragment(CacheHook.java:562)
[17-2-17 17:59:26:805 CST] 00000075 SystemErr     R 	at com.ibm.ws.rsadapter.jdbc.WSJdbcStatement.pmiExecuteQuery(WSJdbcStatement.java:1728)
[17-2-17 17:59:26:805 CST] 00000075 SystemErr     R 	at com.ibm.ws.rsadapter.jdbc.WSJdbcStatement.executeQuery(WSJdbcStatement.java:1019)
[17-2-17 17:59:26:805 CST] 00000075 SystemErr     R 	at com.whir.ezoffice.commonBD.CommonBD.getListBySQL(CommonBD.java:172)
[17-2-17 17:59:26:805 CST] 00000075 SystemErr     R 	at com.ibm._jsp._ezflow_5F_modify._jspService(_ezflow_5F_modify.java:1700)
[17-2-17 17:59:26:805 CST] 00000075 SystemErr     R 	at com.ibm.ws.jsp.runtime.HttpJspBase.service(HttpJspBase.java:99)
[17-2-17 17:59:26:805 CST] 00000075 SystemErr     R 	at javax.servlet.http.HttpServlet.service(HttpServlet.java:668)
[17-2-17 17:59:26:805 CST] 00000075 SystemErr     R 	at com.ibm.ws.cache.servlet.ServletWrapper.serviceProxied(ServletWrapper.java:307)
[17-2-17 17:59:26:805 CST] 00000075 SystemErr     R 	at com.ibm.ws.cache.servlet.CacheHook.handleFragment(CacheHook.java:562)
[17-2-18 17:59:26:805 CST] 00000075 SystemErr     R   wla	
[17-2-19 17:59:26:805 CST] 00000075 SystemErr     R 	wudi
